<?xml version="1.0" encoding="UTF-8"?>
<testng-results skipped="0" failed="0" total="1" passed="1">
  <reporter-output>
  </reporter-output>
  <suite name="Suite" duration-ms="151888" started-at="2017-11-05T15:25:56Z" finished-at="2017-11-05T15:28:28Z">
    <groups>
    </groups>
    <test name="Test" duration-ms="151888" started-at="2017-11-05T15:25:56Z" finished-at="2017-11-05T15:28:28Z">
      <class name="demo.Amazon">
        <test-method status="PASS" signature="testJenkins()[pri:0, instance:demo.Amazon@6956de9]" name="testJenkins" duration-ms="151872" started-at="2017-11-05T20:55:56Z" finished-at="2017-11-05T20:58:28Z">
          <reporter-output>
          </reporter-output>
        </test-method> <!-- testJenkins -->
      </class> <!-- demo.Amazon -->
    </test> <!-- Test -->
  </suite> <!-- Suite -->
</testng-results>
